\BOOKMARK [1][-]{section.1}{\376\377\225\356\230\230\221\315\217\360}{}% 1
\BOOKMARK [1][-]{section.2}{\376\377\225\356\230\230\122\006\147\220}{}% 2
\BOOKMARK [2][-]{subsection.2.1}{\376\377\133\371\116\216\225\356\230\230\116\000}{section.2}% 3
\BOOKMARK [2][-]{subsection.2.2}{\376\377\133\371\116\216\225\356\230\230\116\214}{section.2}% 4
\BOOKMARK [2][-]{subsection.2.3}{\376\377\133\371\116\216\225\356\230\230\116\011}{section.2}% 5
\BOOKMARK [1][-]{section.3}{\376\377\152\041\127\213\120\107\213\276\116\016\173\046\123\367\213\364\146\016}{}% 6
\BOOKMARK [2][-]{subsection.3.1}{\376\377\152\041\127\213\120\107\213\276}{section.3}% 7
\BOOKMARK [2][-]{subsection.3.2}{\376\377\173\046\123\367\213\364\146\016}{section.3}% 8
\BOOKMARK [1][-]{section.4}{\376\377\152\041\127\213\166\204\136\372\172\313\116\016\154\102\211\343}{}% 9
\BOOKMARK [2][-]{subsection.4.1}{\376\377\152\041\127\213\166\204\121\306\131\007}{section.4}% 10
\BOOKMARK [3][-]{subsubsection.4.1.1}{\376\377\122\027\217\146\133\242\217\320\152\041\127\213}{subsection.4.1}% 11
\BOOKMARK [3][-]{subsubsection.4.1.2}{\376\377\220\127\117\040\173\227\154\325\173\200\116\313}{subsection.4.1}% 12
\BOOKMARK [2][-]{subsection.4.2}{\376\377\225\356\230\230\116\000\377\032\116\377\167\037\152\041\142\337\213\241\173\227\116\016\220\127\117\040\173\227\154\325\144\034\175\042}{section.4}% 13
\BOOKMARK [3][-]{subsubsection.4.2.1}{\376\377\116\377\167\037\152\041\142\337\213\241\173\227\377\032\213\241\173\227\147\072\152\041\142\337\122\027\217\146\166\204\217\320\117\134\152\041\137\017}{subsection.4.2}% 14
\BOOKMARK [3][-]{subsubsection.4.2.2}{\376\377\154\102\121\372\116\130\133\242\166\204\136\163\127\107\173\111\137\205\145\366\225\364}{subsection.4.2}% 15
\BOOKMARK [3][-]{subsubsection.4.2.3}{\376\377\220\127\117\040\173\227\154\325\211\343\123\314\166\356\150\007\211\304\122\022\152\041\127\213}{subsection.4.2}% 16
\BOOKMARK [2][-]{subsection.4.3}{\376\377\225\356\230\230\116\214\377\032\173\111\225\364\226\224\166\204\136\163\210\114\217\320\210\114\126\376}{section.4}% 17
\BOOKMARK [2][-]{subsection.4.4}{\376\377\225\356\230\230\116\011\377\032\224\210\133\371\116\015\124\014\145\366\225\364\153\265\122\250\140\001\214\003\145\164\122\027\217\146\137\000\210\114\145\271\150\110}{section.4}% 18
\BOOKMARK [3][-]{subsubsection.4.4.1}{\376\377\122\027\217\146\137\000\210\114\145\271\150\110\214\003\145\164\166\204\200\314\146\157}{subsection.4.4}% 19
\BOOKMARK [3][-]{subsubsection.4.4.2}{\376\377\122\027\217\146\137\000\210\114\145\271\150\110\214\003\145\164\140\035\215\357}{subsection.4.4}% 20
\BOOKMARK [3][-]{subsubsection.4.4.3}{\376\377\135\345\117\134\145\345\166\204\122\027\217\146\137\000\210\114\145\271\150\110\214\003\145\164}{subsection.4.4}% 21
\BOOKMARK [3][-]{subsubsection.4.4.4}{\376\377\145\345\136\070\202\202\120\107\145\345\166\204\122\027\217\146\137\000\210\114\145\271\150\110\214\003\145\164}{subsection.4.4}% 22
\BOOKMARK [3][-]{subsubsection.4.4.5}{\376\377\146\045\202\202\120\107\147\037\166\204\122\027\217\146\137\000\210\114\145\271\150\110\214\003\145\164}{subsection.4.4}% 23
\BOOKMARK [1][-]{section.5}{\376\377\152\041\127\213\166\204\213\304\116\367\116\016\145\071\217\333}{}% 24
\BOOKMARK [2][-]{subsection.5.1}{\376\377\152\041\127\213\166\204\117\030\160\271}{section.5}% 25
\BOOKMARK [2][-]{subsection.5.2}{\376\377\152\041\127\213\166\204\177\072\160\271}{section.5}% 26
\BOOKMARK [2][-]{subsection.5.3}{\376\377\152\041\127\213\166\204\143\250\136\177}{section.5}% 27
\BOOKMARK [1][-]{appendix.A}{\376\377\116\073\211\201\117\177\165\050\166\204\217\157\116\366}{}% 28
\BOOKMARK [1][-]{appendix.B}{\376\377\172\013\136\217\116\343\170\001}{}% 29
